#
# There is insufficient memory for the Java Runtime Environment to continue.
# Native memory allocation (malloc) failed to allocate 1592656 bytes for Chunk::new
# Possible reasons:
#   The system is out of physical RAM or swap space
#   The process is running with CompressedOops enabled, and the Java Heap may be blocking the growth of the native heap
# Possible solutions:
#   Reduce memory load on the system
#   Increase physical memory or swap space
#   Check if swap backing store is full
#   Decrease Java heap size (-Xmx/-Xms)
#   Decrease number of Java threads
#   Decrease Java thread stack sizes (-Xss)
#   Set larger code cache with -XX:ReservedCodeCacheSize=
#   JVM is running with Unscaled Compressed Oops mode in which the Java heap is
#     placed in the first 4GB address space. The Java Heap base address is the
#     maximum limit for the native heap growth. Please use -XX:HeapBaseMinAddress
#     to set the Java Heap base and to place the Java Heap above 4GB virtual address.
# This output file may be truncated or incomplete.
#
#  Out of Memory Error (allocation.cpp:389), pid=15044, tid=0x0000000000002784
#
# JRE version: OpenJDK Runtime Environment (8.0_242-b01) (build 1.8.0_242-release-1644-b01)
# Java VM: OpenJDK 64-Bit Server VM (25.242-b01 mixed mode windows-amd64 compressed oops)
# Failed to write core dump. Minidumps are not enabled by default on client versions of Windows
#

---------------  T H R E A D  ---------------

Current thread (0x0000000017709000):  JavaThread "C2 CompilerThread0" daemon [_thread_in_native, id=10116, stack(0x0000000019e10000,0x0000000019f10000)]

Stack: [0x0000000019e10000,0x0000000019f10000]
[error occurred during error reporting (printing stack bounds), id 0xc0000005]

Native frames: (J=compiled Java code, j=interpreted, Vv=VM code, C=native code)


Current CompileTask:
C2:5764568 11196       4       org.gradle.internal.instantiation.generator.AbstractClassGenerator::inspectType (559 bytes)


---------------  P R O C E S S  ---------------

Java Threads: ( => current thread )
  0x0000000019787800 JavaThread "stdout" [_thread_in_native, id=4436, stack(0x000000002a360000,0x000000002a460000)]
  0x0000000019785800 JavaThread "stderr" [_thread_in_native, id=8420, stack(0x000000002a260000,0x000000002a360000)]
  0x0000000019787000 JavaThread "stdout" [_thread_in_native, id=4260, stack(0x000000002a160000,0x000000002a260000)]
  0x0000000019788800 JavaThread "stderr" [_thread_in_native, id=6884, stack(0x000000002a060000,0x000000002a160000)]
  0x000000001977e000 JavaThread "stdout" [_thread_in_native, id=18020, stack(0x0000000029f60000,0x000000002a060000)]
  0x0000000019784800 JavaThread "stderr" [_thread_in_native, id=11496, stack(0x0000000029e60000,0x0000000029f60000)]
  0x000000001977d000 JavaThread "stdout" [_thread_in_native, id=15292, stack(0x0000000029d60000,0x0000000029e60000)]
  0x0000000019784000 JavaThread "stderr" [_thread_in_native, id=19300, stack(0x0000000029c60000,0x0000000029d60000)]
  0x0000000019783000 JavaThread "stdout" [_thread_in_native, id=13800, stack(0x0000000029b60000,0x0000000029c60000)]
  0x000000001977b800 JavaThread "stderr" [_thread_in_native, id=2896, stack(0x0000000029a60000,0x0000000029b60000)]
  0x000000001977f800 JavaThread "stdout" [_thread_in_native, id=15700, stack(0x0000000029960000,0x0000000029a60000)]
  0x0000000019782800 JavaThread "stderr" [_thread_in_native, id=1424, stack(0x0000000029860000,0x0000000029960000)]
  0x0000000019780000 JavaThread "stdout" [_thread_in_native, id=11740, stack(0x0000000029760000,0x0000000029860000)]
  0x0000000019781800 JavaThread "stderr" [_thread_in_native, id=17196, stack(0x0000000029660000,0x0000000029760000)]
  0x000000001977a000 JavaThread "stdout" [_thread_in_native, id=10248, stack(0x0000000029560000,0x0000000029660000)]
  0x000000001977e800 JavaThread "stderr" [_thread_in_native, id=15636, stack(0x0000000029460000,0x0000000029560000)]
  0x0000000019781000 JavaThread "pool-4-thread-1" [_thread_blocked, id=18684, stack(0x0000000028b10000,0x0000000028c10000)]
  0x000000001977c800 JavaThread "WorkerExecutor Queue Thread 8" [_thread_blocked, id=20056, stack(0x0000000029360000,0x0000000029460000)]
  0x000000001977b000 JavaThread "WorkerExecutor Queue Thread 7" [_thread_blocked, id=18780, stack(0x0000000029260000,0x0000000029360000)]
  0x000000001e640000 JavaThread "WorkerExecutor Queue Thread 6" [_thread_blocked, id=4144, stack(0x0000000029160000,0x0000000029260000)]
  0x000000001e63f800 JavaThread "WorkerExecutor Queue Thread 5" [_thread_blocked, id=19176, stack(0x0000000029060000,0x0000000029160000)]
  0x000000001e63e800 JavaThread "WorkerExecutor Queue Thread 4" [_thread_blocked, id=13836, stack(0x0000000028d50000,0x0000000028e50000)]
  0x000000001e63d000 JavaThread "WorkerExecutor Queue Thread 3" [_thread_blocked, id=13024, stack(0x0000000028f60000,0x0000000029060000)]
  0x000000001e63c800 JavaThread "WorkerExecutor Queue Thread 2" [_thread_blocked, id=12036, stack(0x0000000028e60000,0x0000000028f60000)]
  0x000000001e63b800 JavaThread "WorkerExecutor Queue" [_thread_blocked, id=19788, stack(0x0000000028c50000,0x0000000028d50000)]
  0x000000001e633800 JavaThread "Cache worker for execution history cache (C:\Users\My PC\AndroidStudioProjects\Netrunners\.gradle\6.1.1\executionHistory)" [_thread_blocked, id=17020, stack(0x0000000028810000,0x0000000028910000)]
  0x000000001e63a000 JavaThread "Execution worker for ':' Thread 7" [_thread_blocked, id=15824, stack(0x0000000028710000,0x0000000028810000)]
  0x000000001e635000 JavaThread "Execution worker for ':' Thread 6" [_thread_blocked, id=18848, stack(0x0000000028610000,0x0000000028710000)]
  0x000000001e638800 JavaThread "Execution worker for ':' Thread 5" [_thread_blocked, id=13108, stack(0x0000000028510000,0x0000000028610000)]
  0x000000001e639800 JavaThread "Execution worker for ':' Thread 4" [_thread_blocked, id=20292, stack(0x0000000028410000,0x0000000028510000)]
  0x000000001e636800 JavaThread "Execution worker for ':' Thread 3" [_thread_blocked, id=19772, stack(0x0000000028310000,0x0000000028410000)]
  0x000000001e631000 JavaThread "Execution worker for ':' Thread 2" [_thread_blocked, id=6412, stack(0x0000000028210000,0x0000000028310000)]
  0x000000001e638000 JavaThread "Execution worker for ':'" [_thread_blocked, id=3532, stack(0x0000000028110000,0x0000000028210000)]
  0x000000001e632800 JavaThread "Cache worker for file content cache (C:\Users\My PC\AndroidStudioProjects\Netrunners\.gradle\6.1.1\fileContent)" [_thread_blocked, id=18592, stack(0x0000000027f10000,0x0000000028010000)]
  0x000000001e635800 JavaThread "Cache worker for file content cache (C:\Users\My PC\.gradle\caches\6.1.1\fileContent)" [_thread_blocked, id=5716, stack(0x0000000027e10000,0x0000000027f10000)]
  0x000000001e634000 JavaThread "Memory manager" [_thread_blocked, id=17440, stack(0x0000000027d10000,0x0000000027e10000)]
  0x000000001e632000 JavaThread "Cache worker for Build Output Cleanup Cache (C:\Users\My PC\AndroidStudioProjects\Netrunners\.gradle\buildOutputCleanup)" [_thread_blocked, id=15188, stack(0x0000000027c10000,0x0000000027d10000)]
  0x000000001e637000 JavaThread "Build operations Thread 8" [_thread_blocked, id=19800, stack(0x0000000026a80000,0x0000000026b80000)]
  0x000000001c1c4800 JavaThread "Build operations Thread 7" [_thread_blocked, id=10100, stack(0x0000000026140000,0x0000000026240000)]
  0x000000001c1c4000 JavaThread "Build operations Thread 6" [_thread_blocked, id=13876, stack(0x0000000025c40000,0x0000000025d40000)]
  0x000000001c1be800 JavaThread "Build operations Thread 5" [_thread_blocked, id=19396, stack(0x0000000025740000,0x0000000025840000)]
  0x000000001c1c1000 JavaThread "Build operations Thread 4" [_thread_blocked, id=16084, stack(0x0000000025640000,0x0000000025740000)]
  0x000000001c1c1800 JavaThread "Build operations Thread 3" [_thread_blocked, id=4740, stack(0x0000000025540000,0x0000000025640000)]
  0x000000001b180000 JavaThread "Build operations Thread 2" [_thread_blocked, id=19412, stack(0x0000000025440000,0x0000000025540000)]
  0x000000001b181800 JavaThread "Build operations" [_thread_blocked, id=12892, stack(0x0000000025340000,0x0000000025440000)]
  0x000000001b17e000 JavaThread "Cache worker for cache directory md-rule (C:\Users\My PC\.gradle\caches\6.1.1\md-rule)" [_thread_blocked, id=20440, stack(0x0000000023920000,0x0000000023a20000)]
  0x000000001b180800 JavaThread "Cache worker for cache directory md-supplier (C:\Users\My PC\.gradle\caches\6.1.1\md-supplier)" [_thread_blocked, id=17344, stack(0x0000000020ad0000,0x0000000020bd0000)]
  0x000000001b174800 JavaThread "Cache worker for file hash cache (C:\Users\My PC\AndroidStudioProjects\Netrunners\.gradle\6.1.1\fileHashes)" [_thread_blocked, id=20320, stack(0x00000000209d0000,0x0000000020ad0000)]
  0x000000001b17b000 JavaThread "Cache worker for checksums cache (C:\Users\My PC\AndroidStudioProjects\Netrunners\.gradle\checksums)" [_thread_blocked, id=17936, stack(0x00000000208d0000,0x00000000209d0000)]
  0x000000001b17a800 JavaThread "Thread-32" [_thread_blocked, id=5756, stack(0x00000000207d0000,0x00000000208d0000)]
  0x000000001b179800 JavaThread "Stdin handler" [_thread_blocked, id=16720, stack(0x00000000206d0000,0x00000000207d0000)]
  0x000000001b178000 JavaThread "Asynchronous log dispatcher for DefaultDaemonConnection: socket connection from /127.0.0.1:61499 to /127.0.0.1:61978" [_thread_blocked, id=17312, stack(0x000000001dd30000,0x000000001de30000)]
  0x000000001b172000 JavaThread "Daemon worker Thread 2" [_thread_in_vm, id=20356, stack(0x000000001da30000,0x000000001db30000)]
  0x000000001b179000 JavaThread "Cancel handler" [_thread_blocked, id=18140, stack(0x000000001d930000,0x000000001da30000)]
  0x000000001b175000 JavaThread "Handler for socket connection from /127.0.0.1:61499 to /127.0.0.1:61978" [_thread_in_native, id=2712, stack(0x000000001d630000,0x000000001d730000)]
  0x000000001b176800 JavaThread "Daemon Thread 2" [_thread_blocked, id=18804, stack(0x000000001d530000,0x000000001d630000)]
  0x000000001c1c3000 JavaThread "Cache worker for execution history cache (C:\Users\My PC\.gradle\caches\6.1.1\executionHistory)" [_thread_blocked, id=18700, stack(0x0000000021be0000,0x0000000021ce0000)]
  0x000000001c1c0000 JavaThread "Cache worker for file hash cache (C:\Users\My PC\.gradle\caches\6.1.1\fileHashes)" [_thread_blocked, id=3384, stack(0x000000001e230000,0x000000001e330000)]
  0x000000001c1bf800 JavaThread "File lock request listener" [_thread_in_native, id=6176, stack(0x000000001e130000,0x000000001e230000)]
  0x000000001c1f8800 JavaThread "Cache worker for journal cache (C:\Users\My PC\.gradle\caches\journal-1)" [_thread_blocked, id=18948, stack(0x000000001e030000,0x000000001e130000)]
  0x000000001ba9b000 JavaThread "Daemon periodic checks" [_thread_blocked, id=19452, stack(0x000000001d430000,0x000000001d530000)]
  0x000000001ba44800 JavaThread "Incoming local TCP Connector on port 61499" [_thread_in_native, id=1460, stack(0x000000001d1f0000,0x000000001d2f0000)]
  0x000000001becf000 JavaThread "Daemon health stats" [_thread_blocked, id=20332, stack(0x000000001cbb0000,0x000000001ccb0000)]
  0x00000000195df000 JavaThread "Service Thread" daemon [_thread_blocked, id=15996, stack(0x000000001a210000,0x000000001a310000)]
  0x0000000019559000 JavaThread "C1 CompilerThread3" daemon [_thread_blocked, id=19784, stack(0x000000001a110000,0x000000001a210000)]
  0x000000001954c000 JavaThread "C2 CompilerThread2" daemon [_thread_blocked, id=14156, stack(0x000000001a010000,0x000000001a110000)]
  0x0000000019549000 JavaThread "C2 CompilerThread1" daemon [_thread_in_native, id=1332, stack(0x0000000019f10000,0x000000001a010000)]
=>0x0000000017709000 JavaThread "C2 CompilerThread0" daemon [_thread_in_native, id=10116, stack(0x0000000019e10000,0x0000000019f10000)]
  0x0000000019542800 JavaThread "Attach Listener" daemon [_thread_blocked, id=16000, stack(0x0000000019d10000,0x0000000019e10000)]
  0x0000000019546800 JavaThread "Signal Dispatcher" daemon [_thread_blocked, id=1416, stack(0x0000000019c10000,0x0000000019d10000)]
  0x0000000019531800 JavaThread "Finalizer" daemon [_thread_blocked, id=10120, stack(0x0000000019a10000,0x0000000019b10000)]
  0x0000000019530800 JavaThread "Reference Handler" daemon [_thread_blocked, id=18980, stack(0x0000000019910000,0x0000000019a10000)]
  0x000000000258e000 JavaThread "main" [_thread_blocked, id=16440, stack(0x0000000002460000,0x0000000002560000)]

Other Threads:
  0x00000000176f8000 VMThread [stack: 0x0000000019410000,0x0000000019510000] [id=3304]
  0x0000000019582000 WatcherThread [stack: 0x000000001a310000,0x000000001a410000] [id=17640]

VM state:not at safepoint (normal execution)

VM Mutex/Monitor currently owned by a thread: None

heap address: 0x0000000080000000, size: 2048 MB, Compressed Oops mode: 32-bit
Narrow klass base: 0x0000000000000000, Narrow klass shift: 3
Compressed class space size: 1073741824 Address: 0x0000000100000000

Heap:
 PSYoungGen      total 155136K, used 59991K [0x00000000d5580000, 0x00000000e0e00000, 0x0000000100000000)
  eden space 132608K, 28% used [0x00000000d5580000,0x00000000d7a1aea0,0x00000000dd700000)
  from space 22528K, 99% used [0x00000000de780000,0x00000000dfd7af18,0x00000000dfd80000)
  to   space 16896K, 0% used [0x00000000dfd80000,0x00000000dfd80000,0x00000000e0e00000)
 ParOldGen       total 94208K, used 47242K [0x0000000080000000, 0x0000000085c00000, 0x00000000d5580000)
  object space 94208K, 50% used [0x0000000080000000,0x0000000082e22ab0,0x0000000085c00000)
 Metaspace       used 84013K, capacity 88242K, committed 88344K, reserved 1126400K
  class space    used 11143K, capacity 11961K, committed 12056K, reserved 1048576K

Card table byte_map: [0x0000000011a50000,0x0000000011e60000] byte_map_base: 0x0000000011650000

Marking Bits: (ParMarkBitMap*) 0x00000000570bf030
 Begin Bits: [0x0000000012910000, 0x0000000014910000)
 End Bits:   [0x0000000014910000, 0x0000000016910000)

Polling page: 0x0000000000c10000

CodeCache: size=245760Kb used=33773Kb max_used=33783Kb free=211986Kb
 bounds [0x0000000002690000, 0x00000000047c0000, 0x0000000011690000]
 total_blobs=10902 nmethods=10054 adapters=760
 compilation: enabled

Compilation events (10 events):
Event: 5764.538 Thread 0x0000000019559000 11534       3       com.google.gson.reflect.TypeToken::<init> (41 bytes)
Event: 5764.540 Thread 0x0000000019559000 nmethod 11534 0x00000000047a7e10 code [0x00000000047a7fc0, 0x00000000047a8418]
Event: 5764.540 Thread 0x0000000019559000 11535       3       com.google.gson.reflect.TypeToken::get (9 bytes)
Event: 5764.540 Thread 0x0000000019559000 nmethod 11535 0x00000000047a7a10 code [0x00000000047a7b80, 0x00000000047a7d48]
Event: 5764.540 Thread 0x0000000019559000 11536       3       com.google.gson.stream.JsonReader::beginObject (70 bytes)
Event: 5764.542 Thread 0x0000000019559000 nmethod 11536 0x00000000047a9350 code [0x00000000047a95a0, 0x00000000047aa3c8]
Event: 5764.542 Thread 0x0000000019559000 11537       3       com.google.gson.stream.JsonReader::endObject (100 bytes)
Event: 5764.544 Thread 0x0000000019559000 nmethod 11537 0x00000000047aa950 code [0x00000000047aaba0, 0x00000000047abb18]
Event: 5764.548 Thread 0x000000001954c000 11538       4       java.util.AbstractList::listIterator (6 bytes)
Event: 5764.549 Thread 0x000000001954c000 nmethod 11538 0x00000000047a77d0 code [0x00000000047a7900, 0x00000000047a7978]

GC Heap History (10 events):
Event: 10.694 GC heap before
{Heap before GC invocations=18 (full 3):
 PSYoungGen      total 138240K, used 12240K [0x00000000d5580000, 0x00000000e0680000, 0x0000000100000000)
  eden space 122880K, 0% used [0x00000000d5580000,0x00000000d5580000,0x00000000dcd80000)
  from space 15360K, 79% used [0x00000000dcd80000,0x00000000dd9741d0,0x00000000ddc80000)
  to   space 16384K, 0% used [0x00000000df680000,0x00000000df680000,0x00000000e0680000)
 ParOldGen       total 52736K, used 30192K [0x0000000080000000, 0x0000000083380000, 0x00000000d5580000)
  object space 52736K, 57% used [0x0000000080000000,0x0000000081d7c140,0x0000000083380000)
 Metaspace       used 56918K, capacity 59054K, committed 59160K, reserved 1099776K
  class space    used 7629K, capacity 8121K, committed 8216K, reserved 1048576K
Event: 10.933 GC heap after
Heap after GC invocations=18 (full 3):
 PSYoungGen      total 138240K, used 0K [0x00000000d5580000, 0x00000000e0680000, 0x0000000100000000)
  eden space 122880K, 0% used [0x00000000d5580000,0x00000000d5580000,0x00000000dcd80000)
  from space 15360K, 0% used [0x00000000dcd80000,0x00000000dcd80000,0x00000000ddc80000)
  to   space 16384K, 0% used [0x00000000df680000,0x00000000df680000,0x00000000e0680000)
 ParOldGen       total 94208K, used 34995K [0x0000000080000000, 0x0000000085c00000, 0x00000000d5580000)
  object space 94208K, 37% used [0x0000000080000000,0x000000008222ccc0,0x0000000085c00000)
 Metaspace       used 56848K, capacity 58846K, committed 59160K, reserved 1099776K
  class space    used 7610K, capacity 8093K, committed 8216K, reserved 1048576K
}
Event: 12.706 GC heap before
{Heap before GC invocations=19 (full 3):
 PSYoungGen      total 138240K, used 122880K [0x00000000d5580000, 0x00000000e0680000, 0x0000000100000000)
  eden space 122880K, 100% used [0x00000000d5580000,0x00000000dcd80000,0x00000000dcd80000)
  from space 15360K, 0% used [0x00000000dcd80000,0x00000000dcd80000,0x00000000ddc80000)
  to   space 16384K, 0% used [0x00000000df680000,0x00000000df680000,0x00000000e0680000)
 ParOldGen       total 94208K, used 34995K [0x0000000080000000, 0x0000000085c00000, 0x00000000d5580000)
  object space 94208K, 37% used [0x0000000080000000,0x000000008222ccc0,0x0000000085c00000)
 Metaspace       used 62716K, capacity 64934K, committed 65048K, reserved 1105920K
  class space    used 8498K, capacity 8960K, committed 8984K, reserved 1048576K
Event: 12.720 GC heap after
Heap after GC invocations=19 (full 3):
 PSYoungGen      total 152576K, used 9372K [0x00000000d5580000, 0x00000000e0080000, 0x0000000100000000)
  eden space 142336K, 0% used [0x00000000d5580000,0x00000000d5580000,0x00000000de080000)
  from space 10240K, 91% used [0x00000000df680000,0x00000000dffa7168,0x00000000e0080000)
  to   space 16384K, 0% used [0x00000000de080000,0x00000000de080000,0x00000000df080000)
 ParOldGen       total 94208K, used 35003K [0x0000000080000000, 0x0000000085c00000, 0x00000000d5580000)
  object space 94208K, 37% used [0x0000000080000000,0x000000008222ecc0,0x0000000085c00000)
 Metaspace       used 62716K, capacity 64934K, committed 65048K, reserved 1105920K
  class space    used 8498K, capacity 8960K, committed 8984K, reserved 1048576K
}
Event: 14.863 GC heap before
{Heap before GC invocations=20 (full 3):
 PSYoungGen      total 152576K, used 151708K [0x00000000d5580000, 0x00000000e0080000, 0x0000000100000000)
  eden space 142336K, 100% used [0x00000000d5580000,0x00000000de080000,0x00000000de080000)
  from space 10240K, 91% used [0x00000000df680000,0x00000000dffa7168,0x00000000e0080000)
  to   space 16384K, 0% used [0x00000000de080000,0x00000000de080000,0x00000000df080000)
 ParOldGen       total 94208K, used 35003K [0x0000000080000000, 0x0000000085c00000, 0x00000000d5580000)
  object space 94208K, 37% used [0x0000000080000000,0x000000008222ecc0,0x0000000085c00000)
 Metaspace       used 70283K, capacity 73522K, committed 73752K, reserved 1112064K
  class space    used 9661K, capacity 10258K, committed 10264K, reserved 1048576K
Event: 14.877 GC heap after
Heap after GC invocations=20 (full 3):
 PSYoungGen      total 158720K, used 16379K [0x00000000d5580000, 0x00000000e1400000, 0x0000000100000000)
  eden space 142336K, 0% used [0x00000000d5580000,0x00000000d5580000,0x00000000de080000)
  from space 16384K, 99% used [0x00000000de080000,0x00000000df07efc8,0x00000000df080000)
  to   space 19456K, 0% used [0x00000000e0100000,0x00000000e0100000,0x00000000e1400000)
 ParOldGen       total 94208K, used 36560K [0x0000000080000000, 0x0000000085c00000, 0x00000000d5580000)
  object space 94208K, 38% used [0x0000000080000000,0x00000000823b4180,0x0000000085c00000)
 Metaspace       used 70283K, capacity 73522K, committed 73752K, reserved 1112064K
  class space    used 9661K, capacity 10258K, committed 10264K, reserved 1048576K
}
Event: 4372.156 GC heap before
{Heap before GC invocations=21 (full 3):
 PSYoungGen      total 158720K, used 158713K [0x00000000d5580000, 0x00000000e1400000, 0x0000000100000000)
  eden space 142336K, 99% used [0x00000000d5580000,0x00000000de07f7a8,0x00000000de080000)
  from space 16384K, 99% used [0x00000000de080000,0x00000000df07efc8,0x00000000df080000)
  to   space 19456K, 0% used [0x00000000e0100000,0x00000000e0100000,0x00000000e1400000)
 ParOldGen       total 94208K, used 36560K [0x0000000080000000, 0x0000000085c00000, 0x00000000d5580000)
  object space 94208K, 38% used [0x0000000080000000,0x00000000823b4180,0x0000000085c00000)
 Metaspace       used 79016K, capacity 82718K, committed 82968K, reserved 1120256K
  class space    used 10517K, capacity 11227K, committed 11288K, reserved 1048576K
Event: 4372.532 GC heap after
Heap after GC invocations=21 (full 3):
 PSYoungGen      total 156160K, used 18596K [0x00000000d5580000, 0x00000000e1380000, 0x0000000100000000)
  eden space 137216K, 0% used [0x00000000d5580000,0x00000000d5580000,0x00000000ddb80000)
  from space 18944K, 98% used [0x00000000e0100000,0x00000000e1329208,0x00000000e1380000)
  to   space 22528K, 0% used [0x00000000de780000,0x00000000de780000,0x00000000dfd80000)
 ParOldGen       total 94208K, used 42192K [0x0000000080000000, 0x0000000085c00000, 0x00000000d5580000)
  object space 94208K, 44% used [0x0000000080000000,0x0000000082934310,0x0000000085c00000)
 Metaspace       used 79016K, capacity 82718K, committed 82968K, reserved 1120256K
  class space    used 10517K, capacity 11227K, committed 11288K, reserved 1048576K
}
Event: 5761.613 GC heap before
{Heap before GC invocations=22 (full 3):
 PSYoungGen      total 156160K, used 155812K [0x00000000d5580000, 0x00000000e1380000, 0x0000000100000000)
  eden space 137216K, 100% used [0x00000000d5580000,0x00000000ddb80000,0x00000000ddb80000)
  from space 18944K, 98% used [0x00000000e0100000,0x00000000e1329208,0x00000000e1380000)
  to   space 22528K, 0% used [0x00000000de780000,0x00000000de780000,0x00000000dfd80000)
 ParOldGen       total 94208K, used 42192K [0x0000000080000000, 0x0000000085c00000, 0x00000000d5580000)
  object space 94208K, 44% used [0x0000000080000000,0x0000000082934310,0x0000000085c00000)
 Metaspace       used 82524K, capacity 86572K, committed 86808K, reserved 1124352K
  class space    used 10951K, capacity 11798K, committed 11800K, reserved 1048576K
Event: 5761.827 GC heap after
Heap after GC invocations=22 (full 3):
 PSYoungGen      total 155136K, used 22507K [0x00000000d5580000, 0x00000000e0e00000, 0x0000000100000000)
  eden space 132608K, 0% used [0x00000000d5580000,0x00000000d5580000,0x00000000dd700000)
  from space 22528K, 99% used [0x00000000de780000,0x00000000dfd7af18,0x00000000dfd80000)
  to   space 16896K, 0% used [0x00000000dfd80000,0x00000000dfd80000,0x00000000e0e00000)
 ParOldGen       total 94208K, used 47242K [0x0000000080000000, 0x0000000085c00000, 0x00000000d5580000)
  object space 94208K, 50% used [0x0000000080000000,0x0000000082e22ab0,0x0000000085c00000)
 Metaspace       used 82524K, capacity 86572K, committed 86808K, reserved 1124352K
  class space    used 10951K, capacity 11798K, committed 11800K, reserved 1048576K
}

Deoptimization events (10 events):
Event: 5763.834 Thread 0x000000001e63a000 Uncommon trap: reason=unstable_if action=reinterpret pc=0x00000000029ebf38 method=sun.nio.fs.WindowsPathParser.isSlash(C)Z @ 9
Event: 5764.057 Thread 0x000000001e633800 Uncommon trap: reason=unstable_if action=reinterpret pc=0x0000000003e83310 method=com.esotericsoftware.kryo.io.Output.writeString(Ljava/lang/CharSequence;)V @ 50
Event: 5764.059 Thread 0x000000001e633800 Uncommon trap: reason=unstable_if action=reinterpret pc=0x000000000339ee10 method=com.esotericsoftware.kryo.io.Output.writeString(Ljava/lang/CharSequence;)V @ 50
Event: 5764.064 Thread 0x000000001e633800 Uncommon trap: reason=unstable_if action=reinterpret pc=0x0000000004483f60 method=java.io.BufferedOutputStream.write([BII)V @ 6
Event: 5764.132 Thread 0x000000001e631000 Uncommon trap: reason=unstable_if action=reinterpret pc=0x000000000285bfd4 method=org.gradle.internal.snapshot.PathUtil.equalChars(CCLorg/gradle/internal/snapshot/CaseSensitivity;)Z @ 40
Event: 5764.133 Thread 0x000000001e631000 Uncommon trap: reason=unstable_if action=reinterpret pc=0x0000000003cfce80 method=org.gradle.internal.snapshot.PathUtil.equalChars(CCLorg/gradle/internal/snapshot/CaseSensitivity;)Z @ 40
Event: 5764.348 Thread 0x000000001e633800 Uncommon trap: reason=unstable_if action=reinterpret pc=0x00000000044834e4 method=java.io.BufferedOutputStream.write([BII)V @ 6
Event: 5764.425 Thread 0x000000001b172000 Uncommon trap: reason=predicate action=maybe_recompile pc=0x000000000473ee20 method=java.util.TimSort.binarySort([Ljava/lang/Object;IIILjava/util/Comparator;)V @ 37
Event: 5764.511 Thread 0x000000001b172000 Uncommon trap: reason=class_check action=maybe_recompile pc=0x0000000004457b38 method=com.google.common.collect.CompactHashMap$Itr.<init>(Lcom/google/common/collect/CompactHashMap;)V @ 25
Event: 5764.512 Thread 0x000000001b172000 Uncommon trap: reason=class_check action=maybe_recompile pc=0x0000000004457b38 method=com.google.common.collect.CompactHashMap$Itr.<init>(Lcom/google/common/collect/CompactHashMap;)V @ 25

Classes redefined (0 events):
No events

Internal exceptions (10 events):
Event: 5762.167 Thread 0x000000001b172000 Exception <a 'java/lang/NoSuchMethodError': <clinit>> (0x00000000d5fc1658) thrown at [C:\src\AOSP-openjdk-git\hotspot\src\share\vm\prims\jni.cpp, line 1615]
Event: 5762.171 Thread 0x000000001b172000 Exception <a 'java/lang/NoSuchMethodError': <clinit>> (0x00000000d5fd5888) thrown at [C:\src\AOSP-openjdk-git\hotspot\src\share\vm\prims\jni.cpp, line 1615]
Event: 5762.173 Thread 0x000000001b172000 Exception <a 'java/lang/NoSuchMethodError': <clinit>> (0x00000000d5fe95d8) thrown at [C:\src\AOSP-openjdk-git\hotspot\src\share\vm\prims\jni.cpp, line 1615]
Event: 5762.175 Thread 0x000000001b172000 Exception <a 'java/lang/NoSuchMethodError': <clinit>> (0x00000000d6000728) thrown at [C:\src\AOSP-openjdk-git\hotspot\src\share\vm\prims\jni.cpp, line 1615]
Event: 5762.177 Thread 0x000000001b172000 Implicit null exception at 0x0000000002e5fed1 to 0x0000000002e5ffd1
Event: 5764.425 Thread 0x000000001b172000 Exception <a 'java/lang/NoSuchMethodError': <clinit>> (0x00000000d77872c8) thrown at [C:\src\AOSP-openjdk-git\hotspot\src\share\vm\prims\jni.cpp, line 1615]
Event: 5764.426 Thread 0x000000001b172000 Exception <a 'java/lang/NoSuchMethodError': <clinit>> (0x00000000d778db08) thrown at [C:\src\AOSP-openjdk-git\hotspot\src\share\vm\prims\jni.cpp, line 1615]
Event: 5764.431 Thread 0x000000001b172000 Exception <a 'java/lang/NoSuchMethodError': <clinit>> (0x00000000d77a9e90) thrown at [C:\src\AOSP-openjdk-git\hotspot\src\share\vm\prims\jni.cpp, line 1615]
Event: 5764.431 Thread 0x000000001b172000 Exception <a 'java/lang/NoSuchMethodError': <clinit>> (0x00000000d77ab768) thrown at [C:\src\AOSP-openjdk-git\hotspot\src\share\vm\prims\jni.cpp, line 1615]
Event: 5764.481 Thread 0x000000001b172000 Exception <a 'java/lang/NoSuchMethodError': java.lang.Object.lambda$comparingByKey$bbdbfea9$1(Ljava/util/Map$Entry;Ljava/util/Map$Entry;)I> (0x00000000d78eee98) thrown at [C:\src\AOSP-openjdk-git\hotspot\src\share\vm\interpreter\linkResolver.cpp, line 620

Events (10 events):
Event: 5764.511 Thread 0x000000001b172000 Uncommon trap: trap_request=0xffffffde fr.pc=0x0000000004457b38
Event: 5764.511 Thread 0x000000001b172000 DEOPT PACKING pc=0x0000000004457b38 sp=0x000000001db29250
Event: 5764.511 Thread 0x000000001b172000 DEOPT UNPACKING pc=0x00000000026d557b sp=0x000000001db291e0 mode 2
Event: 5764.512 Thread 0x000000001b172000 Uncommon trap: trap_request=0xffffffde fr.pc=0x0000000004457b38
Event: 5764.512 Thread 0x000000001b172000 DEOPT PACKING pc=0x0000000004457b38 sp=0x000000001db29250
Event: 5764.512 Thread 0x000000001b172000 DEOPT UNPACKING pc=0x00000000026d557b sp=0x000000001db291e0 mode 2
Event: 5764.553 loading class com/android/build/gradle/internal/res/LinkApplicationAndroidResourcesTask$chooseOutput$nonDensity$1
Event: 5764.553 loading class com/android/build/gradle/internal/res/LinkApplicationAndroidResourcesTask$chooseOutput$nonDensity$1 done
Event: 5764.560 loading class com/android/build/gradle/internal/res/LinkApplicationAndroidResourcesTask$AaptSplitInvoker
Event: 5764.560 loading class com/android/build/gradle/internal/res/LinkApplicationAndroidResourcesTask$AaptSplitInvoker done


Dynamic libraries:
0x00007ff6f0150000 - 0x00007ff6f0181000 	C:\Program Files\Android\Android Studio\jre\bin\java.exe
0x00007ffeb3150000 - 0x00007ffeb3346000 	C:\Windows\SYSTEM32\ntdll.dll
0x00007ffe6f800000 - 0x00007ffe6f812000 	C:\Program Files\Avast Software\Avast\aswhook.dll
0x00007ffeb2690000 - 0x00007ffeb274d000 	C:\Windows\System32\KERNEL32.DLL
0x00007ffeb0a20000 - 0x00007ffeb0ce8000 	C:\Windows\System32\KERNELBASE.dll
0x00007ffeb12d0000 - 0x00007ffeb137c000 	C:\Windows\System32\ADVAPI32.dll
0x00007ffeb2e40000 - 0x00007ffeb2ede000 	C:\Windows\System32\msvcrt.dll
0x00007ffeb2750000 - 0x00007ffeb27eb000 	C:\Windows\System32\sechost.dll
0x00007ffeb23f0000 - 0x00007ffeb2514000 	C:\Windows\System32\RPCRT4.dll
0x00007ffeb20d0000 - 0x00007ffeb2270000 	C:\Windows\System32\USER32.dll
0x00007ffeb09f0000 - 0x00007ffeb0a12000 	C:\Windows\System32\win32u.dll
0x00007ffeb2270000 - 0x00007ffeb229a000 	C:\Windows\System32\GDI32.dll
0x00007ffeb0ea0000 - 0x00007ffeb0fa9000 	C:\Windows\System32\gdi32full.dll
0x00007ffeb0fb0000 - 0x00007ffeb104d000 	C:\Windows\System32\msvcp_win.dll
0x00007ffeb1050000 - 0x00007ffeb1150000 	C:\Windows\System32\ucrtbase.dll
0x00007ffe99810000 - 0x00007ffe99aab000 	C:\Windows\WinSxS\amd64_microsoft.windows.common-controls_6595b64144ccf1df_6.0.19041.488_none_ca04af081b815d21\COMCTL32.dll
0x00007ffeb25a0000 - 0x00007ffeb25d0000 	C:\Windows\System32\IMM32.DLL
0x0000000056810000 - 0x00000000568e2000 	C:\Program Files\Android\Android Studio\jre\jre\bin\msvcr100.dll
0x00000000568f0000 - 0x000000005713b000 	C:\Program Files\Android\Android Studio\jre\jre\bin\server\jvm.dll
0x00007ffeb2300000 - 0x00007ffeb2308000 	C:\Windows\System32\PSAPI.DLL
0x00007ffe9cf10000 - 0x00007ffe9cf19000 	C:\Windows\SYSTEM32\WSOCK32.dll
0x00007ffeb30a0000 - 0x00007ffeb310b000 	C:\Windows\System32\WS2_32.dll
0x00007ffe9e1b0000 - 0x00007ffe9e1d7000 	C:\Windows\SYSTEM32\WINMM.dll
0x00007ffea8380000 - 0x00007ffea838a000 	C:\Windows\SYSTEM32\VERSION.dll
0x00007ffe9e4b0000 - 0x00007ffe9e4bf000 	C:\Program Files\Android\Android Studio\jre\jre\bin\verify.dll
0x00007ffe9da80000 - 0x00007ffe9daa9000 	C:\Program Files\Android\Android Studio\jre\jre\bin\java.dll
0x00007ffe9e490000 - 0x00007ffe9e4a6000 	C:\Program Files\Android\Android Studio\jre\jre\bin\zip.dll
0x00007ffeb1380000 - 0x00007ffeb1ac1000 	C:\Windows\System32\SHELL32.dll
0x00007ffeae610000 - 0x00007ffeaeda5000 	C:\Windows\SYSTEM32\windows.storage.dll
0x00007ffeb1ca0000 - 0x00007ffeb1ff5000 	C:\Windows\System32\combase.dll
0x00007ffeb0300000 - 0x00007ffeb032c000 	C:\Windows\SYSTEM32\Wldp.dll
0x00007ffeb11b0000 - 0x00007ffeb125e000 	C:\Windows\System32\SHCORE.dll
0x00007ffeb2630000 - 0x00007ffeb2685000 	C:\Windows\System32\shlwapi.dll
0x00007ffeb07c0000 - 0x00007ffeb07e6000 	C:\Windows\SYSTEM32\profapi.dll
0x00007ffe9e350000 - 0x00007ffe9e36a000 	C:\Program Files\Android\Android Studio\jre\jre\bin\net.dll
0x00007ffeb0080000 - 0x00007ffeb00ea000 	C:\Windows\system32\mswsock.dll
0x00007ffe9e290000 - 0x00007ffe9e2a3000 	C:\Program Files\Android\Android Studio\jre\jre\bin\nio.dll
0x00007ffe9e6e0000 - 0x00007ffe9e706000 	C:\Users\My PC\.gradle\native\31\windows-amd64\native-platform.dll
0x00007ffe9e0e0000 - 0x00007ffe9e0ed000 	C:\Program Files\Android\Android Studio\jre\jre\bin\management.dll
0x00007ffeb0260000 - 0x00007ffeb0278000 	C:\Windows\SYSTEM32\CRYPTSP.dll
0x00007ffeaf9a0000 - 0x00007ffeaf9d4000 	C:\Windows\system32\rsaenh.dll
0x00007ffeb0dc0000 - 0x00007ffeb0de7000 	C:\Windows\System32\bcrypt.dll
0x00007ffeb0740000 - 0x00007ffeb076e000 	C:\Windows\SYSTEM32\USERENV.dll
0x00007ffeb0cf0000 - 0x00007ffeb0d6f000 	C:\Windows\System32\bcryptprimitives.dll
0x00007ffeb0250000 - 0x00007ffeb025c000 	C:\Windows\SYSTEM32\CRYPTBASE.dll
0x00007ffeafd20000 - 0x00007ffeafd5b000 	C:\Windows\SYSTEM32\IPHLPAPI.DLL
0x00007ffeb2ee0000 - 0x00007ffeb2ee8000 	C:\Windows\System32\NSI.dll
0x00007ffea6cb0000 - 0x00007ffea6cc7000 	C:\Windows\SYSTEM32\dhcpcsvc6.DLL
0x00007ffea7710000 - 0x00007ffea772d000 	C:\Windows\SYSTEM32\dhcpcsvc.DLL
0x00007ffeafd60000 - 0x00007ffeafe2b000 	C:\Windows\SYSTEM32\DNSAPI.dll

VM Arguments:
jvm_args: -Xmx2048m -Dfile.encoding=windows-1252 -Duser.country=US -Duser.language=en -Duser.variant 
java_command: org.gradle.launcher.daemon.bootstrap.GradleDaemon 6.1.1
java_class_path (initial): C:\Users\My PC\.gradle\wrapper\dists\gradle-6.1.1-all\cfmwm155h49vnt3hynmlrsdst\gradle-6.1.1\lib\gradle-launcher-6.1.1.jar
Launcher Type: SUN_STANDARD

Environment Variables:
PATH=C:\Program Files (x86)\Common Files\Oracle\Java\javapath;C:\ProgramData\Oracle\Java\javapath;C:\Windows\system32;C:\Windows;C:\Windows\System32\Wbem;C:\Windows\System32\WindowsPowerShell\v1.0\;C:\Windows\System32\OpenSSH\;C:\Program Files (x86)\NVIDIA Corporation\PhysX\Common;C:\Program Files\NVIDIA Corporation\NVIDIA NvDLISR;C:\Program Files\Git\cmd;C:\Users\My PC\AppData\Local\Microsoft\WindowsApps;
USERNAME=My PC
OS=Windows_NT
PROCESSOR_IDENTIFIER=Intel64 Family 6 Model 126 Stepping 5, GenuineIntel



---------------  S Y S T E M  ---------------

OS: Windows 10.0 , 64 bit Build 19041 (10.0.19041.546)

CPU:total 8 (initial active 8) (4 cores per cpu, 2 threads per core) family 6 model 126 stepping 5, cmov, cx8, fxsr, mmx, sse, sse2, sse3, ssse3, sse4.1, sse4.2, popcnt, avx, avx2, aes, clmul, erms, 3dnowpref, lzcnt, ht, tsc, tscinvbit, bmi1, bmi2, adx

Memory: 4k page, physical 3924152k(300608k free), swap 12116152k(7424k free)

vm_info: OpenJDK 64-Bit Server VM (25.242-b01) for windows-amd64 JRE (1.8.0_242-release-1644-b01), built by "builder" with MS VC++ 10.0 (VS2010)

time: Wed Nov 25 13:14:46 2020
timezone: China Standard Time
elapsed time: 5764 seconds (0d 1h 36m 4s)

